This is XeTeX, Version 3.14159265-2.6-0.99998 (MiKTeX 2.9.6500) (preloaded format=xelatex 2017.12.21)  15 JAN 2018 16:24
entering extended mode
**./bare_jrnl_compsoc.tex
(bare_jrnl_compsoc.tex
LaTeX2e <2017-04-15>
Babel <3.15> and hyphenation patterns for 75 language(s) loaded.
(IEEEtran.cls
Document Class: IEEEtran 2014/09/17 V1.8a by Michael Shell
-- See the "IEEEtran_HOWTO" manual for usage information.
-- http://www.michaelshell.org/tex/ieeetran/
\@IEEEtrantmpdimenA=\dimen102
\@IEEEtrantmpdimenB=\dimen103
\@IEEEtrantmpdimenC=\dimen104
\@IEEEtrantmpcountA=\count79
\@IEEEtrantmpcountB=\count80
\@IEEEtrantmpcountC=\count81
\@IEEEtrantmptoksA=\toks14
-- Using IEEE Computer Society mode.
LaTeX Font Info:    Try loading font information for TU+ppl on input line 458.
LaTeX Font Info:    No file TUppl.fd. on input line 458.

LaTeX Font Warning: Font shape `TU/ppl/m/n' undefined
(Font)              using `TU/lmr/m/n' instead on input line 458.

-- Using 8.5in x 11in (letter) paper.
-- Using DVI output.
\@IEEEnormalsizeunitybaselineskip=\dimen105
-- This is a 10 point document.
\CLASSINFOnormalsizebaselineskip=\dimen106
\CLASSINFOnormalsizeunitybaselineskip=\dimen107
\IEEEnormaljot=\dimen108

LaTeX Font Warning: Font shape `TU/ppl/bx/n' undefined
(Font)              using `TU/ppl/m/n' instead on input line 1039.


LaTeX Font Warning: Font shape `TU/ppl/m/it' undefined
(Font)              using `TU/ppl/m/n' instead on input line 1039.


LaTeX Font Warning: Font shape `TU/ppl/bx/it' undefined
(Font)              using `TU/ppl/bx/n' instead on input line 1039.

\IEEEquantizedlength=\dimen109
\IEEEquantizedlengthdiff=\dimen110
\IEEEquantizedtextheightdiff=\dimen111
\IEEEilabelindentA=\dimen112
\IEEEilabelindentB=\dimen113
\IEEEilabelindent=\dimen114
\IEEEelabelindent=\dimen115
\IEEEdlabelindent=\dimen116
\IEEElabelindent=\dimen117
\IEEEiednormlabelsep=\dimen118
\IEEEiedmathlabelsep=\dimen119
\IEEEiedtopsep=\skip41
\c@section=\count82
\c@subsection=\count83
\c@subsubsection=\count84
\c@paragraph=\count85
\c@IEEEsubequation=\count86
\abovecaptionskip=\skip42
\belowcaptionskip=\skip43
\c@figure=\count87
\c@table=\count88
\@IEEEeqnnumcols=\count89
\@IEEEeqncolcnt=\count90
\@IEEEsubeqnnumrollback=\count91
\@IEEEquantizeheightA=\dimen120
\@IEEEquantizeheightB=\dimen121
\@IEEEquantizeheightC=\dimen122
\@IEEEquantizeprevdepth=\dimen123
\@IEEEquantizemultiple=\count92
\@IEEEquantizeboxA=\box26
\@IEEEtmpitemindent=\dimen124
\c@IEEEbiography=\count93
\@IEEEtranrubishbin=\box27
) (C:\CTEX\MikTex2.9\tex\latex\cite\cite.sty
LaTeX Info: Redefining \cite on input line 302.
LaTeX Info: Redefining \nocite on input line 332.
Package: cite 2015/02/27  v 5.5
)
(C:\CTEX\MikTex2.9\tex\latex\ulem\ulem.sty
\UL@box=\box28
\UL@hyphenbox=\box29
\UL@skip=\skip44
\UL@hook=\toks15
\UL@height=\dimen125
\UL@pe=\count94
\UL@pixel=\dimen126
\ULC@box=\box30
Package: ulem 2012/05/18
\ULdepth=\dimen127
)
(C:\CTEX\MikTex2.9\tex\latex\algorithmicx\algpseudocode.sty
Package: algpseudocode 

(C:\CTEX\MikTex2.9\tex\latex\base\ifthen.sty
Package: ifthen 2014/09/29 v1.1c Standard LaTeX ifthen package (DPC)
)
(C:\CTEX\MikTex2.9\tex\latex\algorithmicx\algorithmicx.sty
Package: algorithmicx 2005/04/27 v1.2 Algorithmicx

Document Style algorithmicx 1.2 - a greatly improved `algorithmic' style
\c@ALG@line=\count95
\c@ALG@rem=\count96
\c@ALG@nested=\count97
\ALG@tlm=\skip45
\ALG@thistlm=\skip46
\c@ALG@Lnr=\count98
\c@ALG@blocknr=\count99
\c@ALG@storecount=\count100
\c@ALG@tmpcounter=\count101
\ALG@tmplength=\skip47
)
Document Style - pseudocode environments for use with the `algorithmicx' style
) (C:\CTEX\MikTex2.9\tex\latex\algorithms\algorithm.sty
Invalid UTF-8 byte or sequence at line 11 replaced by U+FFFD.
Package: algorithm 2009/08/24 v0.1 Document Style `algorithm' - floating enviro
nment

(C:\CTEX\MikTex2.9\tex\latex\float\float.sty
Package: float 2001/11/08 v1.3d Float enhancements (AL)
\c@float@type=\count102
\float@exts=\toks16
\float@box=\box31
\@float@everytoks=\toks17
\@floatcapt=\box32
)
\@float@every@algorithm=\toks18
\c@algorithm=\count103
)
(C:\CTEX\MikTex2.9\tex\latex\amsmath\amsmath.sty
Package: amsmath 2017/09/02 v2.17a AMS math features
\@mathmargin=\skip48

For additional information on amsmath, use the `?' option.
(C:\CTEX\MikTex2.9\tex\latex\amsmath\amstext.sty
Package: amstext 2000/06/29 v2.01 AMS text

(C:\CTEX\MikTex2.9\tex\latex\amsmath\amsgen.sty
File: amsgen.sty 1999/11/30 v2.0 generic functions
\@emptytoks=\toks19
\ex@=\dimen128
))
(C:\CTEX\MikTex2.9\tex\latex\amsmath\amsbsy.sty
Package: amsbsy 1999/11/29 v1.2d Bold Symbols
\pmbraise@=\dimen129
)
(C:\CTEX\MikTex2.9\tex\latex\amsmath\amsopn.sty
Package: amsopn 2016/03/08 v2.02 operator names
)
\inf@bad=\count104
LaTeX Info: Redefining \frac on input line 213.
\uproot@=\count105
\leftroot@=\count106
LaTeX Info: Redefining \overline on input line 375.
\classnum@=\count107
\DOTSCASE@=\count108
LaTeX Info: Redefining \ldots on input line 472.
LaTeX Info: Redefining \dots on input line 475.
LaTeX Info: Redefining \cdots on input line 596.
\Mathstrutbox@=\box33
\strutbox@=\box34
\big@size=\dimen130
LaTeX Font Info:    Redeclaring font encoding OML on input line 712.
LaTeX Font Info:    Redeclaring font encoding OMS on input line 713.
\macc@depth=\count109
\c@MaxMatrixCols=\count110
\dotsspace@=\muskip10
\c@parentequation=\count111
\dspbrk@lvl=\count112
\tag@help=\toks20
\row@=\count113
\column@=\count114
\maxfields@=\count115
\andhelp@=\toks21
\eqnshift@=\dimen131
\alignsep@=\dimen132
\tagshift@=\dimen133
\tagwidth@=\dimen134
\totwidth@=\dimen135
\lineht@=\dimen136
\@envbody=\toks22
\multlinegap=\skip49
\multlinetaggap=\skip50
\mathdisplay@stack=\toks23
LaTeX Info: Redefining \[ on input line 2817.
LaTeX Info: Redefining \] on input line 2818.
)
(C:\CTEX\MikTex2.9\tex\latex\graphics\graphicx.sty
Package: graphicx 2017/06/01 v1.1a Enhanced LaTeX Graphics (DPC,SPQR)

(C:\CTEX\MikTex2.9\tex\latex\graphics\keyval.sty
Package: keyval 2014/10/28 v1.15 key=value parser (DPC)
\KV@toks@=\toks24
)
(C:\CTEX\MikTex2.9\tex\latex\graphics\graphics.sty
Package: graphics 2017/06/25 v1.2c Standard LaTeX Graphics (DPC,SPQR)

(C:\CTEX\MikTex2.9\tex\latex\graphics\trig.sty
Package: trig 2016/01/03 v1.10 sin cos tan (DPC)
)
(C:\CTEX\MikTex2.9\tex\latex\graphics-cfg\graphics.cfg
File: graphics.cfg 2016/06/04 v1.11 sample graphics configuration
)
Package graphics Info: Driver file: xetex.def on input line 99.

(C:\CTEX\MikTex2.9\tex\latex\graphics-def\xetex.def
File: xetex.def 2017/06/24 v5.0h Graphics/color driver for xetex
))
\Gin@req@height=\dimen137
\Gin@req@width=\dimen138
)
(C:\CTEX\MikTex2.9\tex\latex\subfigure\subfigure.sty
Package: subfigure 2002/07/30 v2.1.4 subfigure package
\subfigtopskip=\skip51
\subfigcapskip=\skip52
\subfigcaptopadj=\dimen139
\subfigbottomskip=\skip53
\subfigcapmargin=\dimen140
\subfiglabelskip=\skip54
\c@subfigure=\count116
\c@lofdepth=\count117
\c@subtable=\count118
\c@lotdepth=\count119

****************************************
* Local config file subfigure.cfg used *
****************************************
(C:\CTEX\MikTex2.9\tex\latex\subfigure\subfigure.cfg)
\subfig@top=\skip55
\subfig@bottom=\skip56
)
(C:\CTEX\MikTex2.9\tex\latex\multirow\multirow.sty
Package: multirow 2016/11/25 v2.2 Span multiple rows of a table
\multirow@colwidth=\skip57
\multirow@cntb=\count120
\multirow@dima=\skip58
\bigstrutjot=\dimen141
)
(C:\CTEX\MikTex2.9\tex\latex\url\url.sty
\Urlmuskip=\muskip11
Package: url 2013/09/16  ver 3.4  Verb mode for urls, etc.
)
(C:\CTEX\MikTex2.9\tex\latex\xcolor\xcolor.sty
Package: xcolor 2016/05/11 v2.12 LaTeX color extensions (UK)

(C:\CTEX\MikTex2.9\tex\latex\graphics-cfg\color.cfg
File: color.cfg 2016/01/02 v1.6 sample color configuration
)
Package xcolor Info: Driver file: xetex.def on input line 225.

(C:\CTEX\MikTex2.9\tex\latex\colortbl\colortbl.sty
Package: colortbl 2012/02/13 v1.0a Color table columns (DPC)

(C:\CTEX\MikTex2.9\tex\latex\tools\array.sty
Package: array 2016/10/06 v2.4d Tabular extension package (FMi)
\col@sep=\dimen142
\extrarowheight=\dimen143
\NC@list=\toks25
\extratabsurround=\skip59
\backup@length=\skip60
)
\everycr=\toks26
\minrowclearance=\skip61
)
\rownum=\count121
Package xcolor Info: Model `cmy' substituted by `cmy0' on input line 1348.
Package xcolor Info: Model `RGB' extended on input line 1364.
Package xcolor Info: Model `HTML' substituted by `rgb' on input line 1366.
Package xcolor Info: Model `Hsb' substituted by `hsb' on input line 1367.
Package xcolor Info: Model `tHsb' substituted by `hsb' on input line 1368.
Package xcolor Info: Model `HSB' substituted by `hsb' on input line 1369.
Package xcolor Info: Model `Gray' substituted by `gray' on input line 1370.
Package xcolor Info: Model `wave' substituted by `hsb' on input line 1371.
)
(C:\CTEX\MikTex2.9\tex\latex\mdwtools\footnote.sty
Package: footnote 1997/01/28 1.13 Save footnotes around boxes
\fn@notes=\box35
\fn@width=\dimen144
)
No file bare_jrnl_compsoc.aux.
\openout1 = `bare_jrnl_compsoc.aux'.

LaTeX Font Info:    Checking defaults for OML/cmm/m/it on input line 404.
LaTeX Font Info:    ... okay on input line 404.
LaTeX Font Info:    Checking defaults for T1/cmr/m/n on input line 404.
LaTeX Font Info:    ... okay on input line 404.
LaTeX Font Info:    Checking defaults for OT1/cmr/m/n on input line 404.
LaTeX Font Info:    ... okay on input line 404.
LaTeX Font Info:    Checking defaults for OMS/cmsy/m/n on input line 404.
LaTeX Font Info:    ... okay on input line 404.
LaTeX Font Info:    Checking defaults for TU/lmr/m/n on input line 404.
LaTeX Font Info:    ... okay on input line 404.
LaTeX Font Info:    Checking defaults for OMX/cmex/m/n on input line 404.
LaTeX Font Info:    ... okay on input line 404.
LaTeX Font Info:    Checking defaults for U/cmr/m/n on input line 404.
LaTeX Font Info:    ... okay on input line 404.
-- Lines per column: 61 (exact).
LaTeX Font Info:    Try loading font information for TU+phv on input line 535.
LaTeX Font Info:    No file TUphv.fd. on input line 535.

LaTeX Font Warning: Font shape `TU/phv/m/n' undefined
(Font)              using `TU/lmr/m/n' instead on input line 535.


LaTeX Font Warning: Font shape `TU/phv/m/it' undefined
(Font)              using `TU/phv/m/n' instead on input line 535.


LaTeX Font Warning: Font shape `TU/phv/bx/n' undefined
(Font)              using `TU/phv/m/n' instead on input line 535.

LaTeX Font Info:    Calculating math sizes for size <11.04124> on input line 53
5.
LaTeX Font Info:    Try loading font information for U+pzd on input line 535.
(C:\CTEX\MikTex2.9\tex\latex\psnfss\upzd.fd
File: upzd.fd 2001/06/04 font definitions for U/pzd.
)
LaTeX Font Info:    Calculating math sizes for size <8.03> on input line 535.


LaTeX Font Warning: Font shape `TU/phv/bx/sc' undefined
(Font)              using `TU/phv/bx/n' instead on input line 563.


LaTeX Font Warning: Font shape `TU/ppl/m/sc' undefined
(Font)              using `TU/ppl/m/n' instead on input line 590.


LaTeX Warning: Citation `kuhn2002investigation' on page 1 undefined on input li
ne 592.


LaTeX Warning: Citation `kuhn2004software' on page 1 undefined on input line 59
2.


LaTeX Warning: Citation `kuhn2002investigation' on page 1 undefined on input li
ne 592.


LaTeX Warning: Reference `ct-life' on page 1 undefined on input line 594.


LaTeX Warning: Citation `yoo2013fault' on page 1 undefined on input line 600.

LaTeX Font Info:    Calculating math sizes for size <7.02625> on input line 601
.
[1


]

LaTeX Warning: Citation `dumlu2011feedback' on page 2 undefined on input line 6
23.


LaTeX Warning: Citation `yilmaz2013reducing' on page 2 undefined on input line 
623.


LaTeX Warning: Reference `sec:back' on page 2 undefined on input line 636.


LaTeX Warning: Reference `sec:moti' on page 2 undefined on input line 636.


LaTeX Warning: Reference `sec:app' on page 2 undefined on input line 636.


LaTeX Warning: Reference `sec:emprical' on page 2 undefined on input line 636.


LaTeX Warning: Reference `sec:related' on page 2 undefined on input line 636.


LaTeX Warning: Reference `sec:conclusion' on page 2 undefined on input line 636
.

File: CT_lifecircle.eps Graphic file (type eps)
<CT_lifecircle.eps>
LaTeX Font Info:    Calculating math sizes for size <9.53561> on input line 657
.

LaTeX Warning: Citation `nie2011minimal' on page 2 undefined on input line 657.


\c@definition=\count122
[2