This is pdfTeX, Version 3.14159265-2.6-1.40.18 (MiKTeX 2.9.6500) (preloaded format=pdflatex 2017.12.21)  26 JUN 2018 18:08
entering extended mode
**./bare_jrnl_compsoc-nocolor-second-noAppnedx.tex
(bare_jrnl_compsoc-nocolor-second-noAppnedx.tex
LaTeX2e <2017-04-15>
Babel <3.15> and hyphenation patterns for 75 language(s) loaded.
(IEEEtran.cls
Document Class: IEEEtran 2014/09/17 V1.8a by Michael Shell
-- See the "IEEEtran_HOWTO" manual for usage information.
-- http://www.michaelshell.org/tex/ieeetran/
\@IEEEtrantmpdimenA=\dimen102
\@IEEEtrantmpdimenB=\dimen103
\@IEEEtrantmpdimenC=\dimen104
\@IEEEtrantmpcountA=\count79
\@IEEEtrantmpcountB=\count80
\@IEEEtrantmpcountC=\count81
\@IEEEtrantmptoksA=\toks14
LaTeX Font Info:    Try loading font information for OT1+ptm on input line 458.

(C:\CTEX\MikTex2.9\tex\latex\psnfss\ot1ptm.fd
File: ot1ptm.fd 2001/06/04 font definitions for OT1/ptm.
)
-- Using 8.5in x 11in (letter) paper.
-- Using PDF output.
\@IEEEnormalsizeunitybaselineskip=\dimen105
-- This is a 12 point document.
\CLASSINFOnormalsizebaselineskip=\dimen106
\CLASSINFOnormalsizeunitybaselineskip=\dimen107
\IEEEnormaljot=\dimen108
LaTeX Font Info:    Font shape `OT1/ptm/bx/n' in size <6> not available
(Font)              Font shape `OT1/ptm/b/n' tried instead on input line 1039.
LaTeX Font Info:    Font shape `OT1/ptm/bx/it' in size <6> not available
(Font)              Font shape `OT1/ptm/b/it' tried instead on input line 1039.

LaTeX Font Info:    Font shape `OT1/ptm/bx/n' in size <8> not available
(Font)              Font shape `OT1/ptm/b/n' tried instead on input line 1039.
LaTeX Font Info:    Font shape `OT1/ptm/bx/it' in size <8> not available
(Font)              Font shape `OT1/ptm/b/it' tried instead on input line 1039.

LaTeX Font Info:    Font shape `OT1/ptm/bx/n' in size <9> not available
(Font)              Font shape `OT1/ptm/b/n' tried instead on input line 1039.
LaTeX Font Info:    Font shape `OT1/ptm/bx/it' in size <9> not available
(Font)              Font shape `OT1/ptm/b/it' tried instead on input line 1039.

LaTeX Font Info:    Font shape `OT1/ptm/bx/n' in size <10> not available
(Font)              Font shape `OT1/ptm/b/n' tried instead on input line 1039.
LaTeX Font Info:    Font shape `OT1/ptm/bx/it' in size <10> not available
(Font)              Font shape `OT1/ptm/b/it' tried instead on input line 1039.

LaTeX Font Info:    Font shape `OT1/ptm/bx/n' in size <12> not available
(Font)              Font shape `OT1/ptm/b/n' tried instead on input line 1039.
LaTeX Font Info:    Font shape `OT1/ptm/bx/it' in size <12> not available
(Font)              Font shape `OT1/ptm/b/it' tried instead on input line 1039.

LaTeX Font Info:    Font shape `OT1/ptm/bx/n' in size <14> not available
(Font)              Font shape `OT1/ptm/b/n' tried instead on input line 1039.
LaTeX Font Info:    Font shape `OT1/ptm/bx/it' in size <14> not available
(Font)              Font shape `OT1/ptm/b/it' tried instead on input line 1039.

LaTeX Font Info:    Font shape `OT1/ptm/bx/n' in size <20> not available
(Font)              Font shape `OT1/ptm/b/n' tried instead on input line 1039.
LaTeX Font Info:    Font shape `OT1/ptm/bx/it' in size <20> not available
(Font)              Font shape `OT1/ptm/b/it' tried instead on input line 1039.

LaTeX Font Info:    Font shape `OT1/ptm/bx/n' in size <22> not available
(Font)              Font shape `OT1/ptm/b/n' tried instead on input line 1039.
LaTeX Font Info:    Font shape `OT1/ptm/bx/it' in size <22> not available
(Font)              Font shape `OT1/ptm/b/it' tried instead on input line 1039.

LaTeX Font Info:    Font shape `OT1/ptm/bx/n' in size <24> not available
(Font)              Font shape `OT1/ptm/b/n' tried instead on input line 1039.
LaTeX Font Info:    Font shape `OT1/ptm/bx/it' in size <24> not available
(Font)              Font shape `OT1/ptm/b/it' tried instead on input line 1039.

\IEEEquantizedlength=\dimen109
\IEEEquantizedlengthdiff=\dimen110
\IEEEquantizedtextheightdiff=\dimen111
\IEEEilabelindentA=\dimen112
\IEEEilabelindentB=\dimen113
\IEEEilabelindent=\dimen114
\IEEEelabelindent=\dimen115
\IEEEdlabelindent=\dimen116
\IEEElabelindent=\dimen117
\IEEEiednormlabelsep=\dimen118
\IEEEiedmathlabelsep=\dimen119
\IEEEiedtopsep=\skip41
\c@section=\count82
\c@subsection=\count83
\c@subsubsection=\count84
\c@paragraph=\count85
\c@IEEEsubequation=\count86
\abovecaptionskip=\skip42
\belowcaptionskip=\skip43
\c@figure=\count87
\c@table=\count88
\@IEEEeqnnumcols=\count89
\@IEEEeqncolcnt=\count90
\@IEEEsubeqnnumrollback=\count91
\@IEEEquantizeheightA=\dimen120
\@IEEEquantizeheightB=\dimen121
\@IEEEquantizeheightC=\dimen122
\@IEEEquantizeprevdepth=\dimen123
\@IEEEquantizemultiple=\count92
\@IEEEquantizeboxA=\box26
\@IEEEtmpitemindent=\dimen124
\c@IEEEbiography=\count93
\@IEEEtranrubishbin=\box27
) (C:\CTEX\MikTex2.9\tex\latex\cite\cite.sty
LaTeX Info: Redefining \cite on input line 302.
LaTeX Info: Redefining \nocite on input line 332.
Package: cite 2015/02/27  v 5.5
)
(C:\CTEX\MikTex2.9\tex\latex\ulem\ulem.sty
\UL@box=\box28
\UL@hyphenbox=\box29
\UL@skip=\skip44
\UL@hook=\toks15
\UL@height=\dimen125
\UL@pe=\count94
\UL@pixel=\dimen126
\ULC@box=\box30
Package: ulem 2012/05/18
\ULdepth=\dimen127
)
(C:\CTEX\MikTex2.9\tex\latex\algorithmicx\algpseudocode.sty
Package: algpseudocode 

(C:\CTEX\MikTex2.9\tex\latex\base\ifthen.sty
Package: ifthen 2014/09/29 v1.1c Standard LaTeX ifthen package (DPC)
)
(C:\CTEX\MikTex2.9\tex\latex\algorithmicx\algorithmicx.sty
Package: algorithmicx 2005/04/27 v1.2 Algorithmicx

Document Style algorithmicx 1.2 - a greatly improved `algorithmic' style
\c@ALG@line=\count95
\c@ALG@rem=\count96
\c@ALG@nested=\count97
\ALG@tlm=\skip45
\ALG@thistlm=\skip46
\c@ALG@Lnr=\count98
\c@ALG@blocknr=\count99
\c@ALG@storecount=\count100
\c@ALG@tmpcounter=\count101
\ALG@tmplength=\skip47
)
Document Style - pseudocode environments for use with the `algorithmicx' style
) (C:\CTEX\MikTex2.9\tex\latex\algorithms\algorithm.sty
Package: algorithm 2009/08/24 v0.1 Document Style `algorithm' - floating enviro
nment

(C:\CTEX\MikTex2.9\tex\latex\float\float.sty
Package: float 2001/11/08 v1.3d Float enhancements (AL)
\c@float@type=\count102
\float@exts=\toks16
\float@box=\box31
\@float@everytoks=\toks17
\@floatcapt=\box32
)
\@float@every@algorithm=\toks18
\c@algorithm=\count103
)
(C:\CTEX\MikTex2.9\tex\latex\amsmath\amsmath.sty
Package: amsmath 2017/09/02 v2.17a AMS math features
\@mathmargin=\skip48

For additional information on amsmath, use the `?' option.
(C:\CTEX\MikTex2.9\tex\latex\amsmath\amstext.sty
Package: amstext 2000/06/29 v2.01 AMS text

(C:\CTEX\MikTex2.9\tex\latex\amsmath\amsgen.sty
File: amsgen.sty 1999/11/30 v2.0 generic functions
\@emptytoks=\toks19
\ex@=\dimen128
))
(C:\CTEX\MikTex2.9\tex\latex\amsmath\amsbsy.sty
Package: amsbsy 1999/11/29 v1.2d Bold Symbols
\pmbraise@=\dimen129
)
(C:\CTEX\MikTex2.9\tex\latex\amsmath\amsopn.sty
Package: amsopn 2016/03/08 v2.02 operator names
)
\inf@bad=\count104
LaTeX Info: Redefining \frac on input line 213.
\uproot@=\count105
\leftroot@=\count106
LaTeX Info: Redefining \overline on input line 375.
\classnum@=\count107
\DOTSCASE@=\count108
LaTeX Info: Redefining \ldots on input line 472.
LaTeX Info: Redefining \dots on input line 475.
LaTeX Info: Redefining \cdots on input line 596.
\Mathstrutbox@=\box33
\strutbox@=\box34
\big@size=\dimen130
LaTeX Font Info:    Redeclaring font encoding OML on input line 712.
LaTeX Font Info:    Redeclaring font encoding OMS on input line 713.
\macc@depth=\count109
\c@MaxMatrixCols=\count110
\dotsspace@=\muskip10
\c@parentequation=\count111
\dspbrk@lvl=\count112
\tag@help=\toks20
\row@=\count113
\column@=\count114
\maxfields@=\count115
\andhelp@=\toks21
\eqnshift@=\dimen131
\alignsep@=\dimen132
\tagshift@=\dimen133
\tagwidth@=\dimen134
\totwidth@=\dimen135
\lineht@=\dimen136
\@envbody=\toks22
\multlinegap=\skip49
\multlinetaggap=\skip50
\mathdisplay@stack=\toks23
LaTeX Info: Redefining \[ on input line 2817.
LaTeX Info: Redefining \] on input line 2818.
)
(C:\CTEX\MikTex2.9\tex\latex\graphics\graphicx.sty
Package: graphicx 2017/06/01 v1.1a Enhanced LaTeX Graphics (DPC,SPQR)

(C:\CTEX\MikTex2.9\tex\latex\graphics\keyval.sty
Package: keyval 2014/10/28 v1.15 key=value parser (DPC)
\KV@toks@=\toks24
)
(C:\CTEX\MikTex2.9\tex\latex\graphics\graphics.sty
Package: graphics 2017/06/25 v1.2c Standard LaTeX Graphics (DPC,SPQR)

(C:\CTEX\MikTex2.9\tex\latex\graphics\trig.sty
Package: trig 2016/01/03 v1.10 sin cos tan (DPC)
)
(C:\CTEX\MikTex2.9\tex\latex\graphics-cfg\graphics.cfg
File: graphics.cfg 2016/06/04 v1.11 sample graphics configuration
)
Package graphics Info: Driver file: pdftex.def on input line 99.

(C:\CTEX\MikTex2.9\tex\latex\graphics-def\pdftex.def
File: pdftex.def 2017/06/24 v1.0g Graphics/color driver for pdftex
))
\Gin@req@height=\dimen137
\Gin@req@width=\dimen138
)
(C:\CTEX\MikTex2.9\tex\latex\subfigure\subfigure.sty
Package: subfigure 2002/07/30 v2.1.4 subfigure package
\subfigtopskip=\skip51
\subfigcapskip=\skip52
\subfigcaptopadj=\dimen139
\subfigbottomskip=\skip53
\subfigcapmargin=\dimen140
\subfiglabelskip=\skip54
\c@subfigure=\count116
\c@lofdepth=\count117
\c@subtable=\count118
\c@lotdepth=\count119

****************************************
* Local config file subfigure.cfg used *
****************************************
(C:\CTEX\MikTex2.9\tex\latex\subfigure\subfigure.cfg)
\subfig@top=\skip55
\subfig@bottom=\skip56
)
(C:\CTEX\MikTex2.9\tex\latex\multirow\multirow.sty
Package: multirow 2016/11/25 v2.2 Span multiple rows of a table
\multirow@colwidth=\skip57
\multirow@cntb=\count120
\multirow@dima=\skip58
\bigstrutjot=\dimen141
)
(C:\CTEX\MikTex2.9\tex\latex\url\url.sty
\Urlmuskip=\muskip11
Package: url 2013/09/16  ver 3.4  Verb mode for urls, etc.
)
(C:\CTEX\MikTex2.9\tex\latex\xcolor\xcolor.sty
Package: xcolor 2016/05/11 v2.12 LaTeX color extensions (UK)

(C:\CTEX\MikTex2.9\tex\latex\graphics-cfg\color.cfg
File: color.cfg 2016/01/02 v1.6 sample color configuration
)
Package xcolor Info: Driver file: pdftex.def on input line 225.

(C:\CTEX\MikTex2.9\tex\latex\colortbl\colortbl.sty
Package: colortbl 2012/02/13 v1.0a Color table columns (DPC)

(C:\CTEX\MikTex2.9\tex\latex\tools\array.sty
Package: array 2016/10/06 v2.4d Tabular extension package (FMi)
\col@sep=\dimen142
\extrarowheight=\dimen143
\NC@list=\toks25
\extratabsurround=\skip59
\backup@length=\skip60
)
\everycr=\toks26
\minrowclearance=\skip61
)
\rownum=\count121
Package xcolor Info: Model `cmy' substituted by `cmy0' on input line 1348.
Package xcolor Info: Model `hsb' substituted by `rgb' on input line 1352.
Package xcolor Info: Model `RGB' extended on input line 1364.
Package xcolor Info: Model `HTML' substituted by `rgb' on input line 1366.
Package xcolor Info: Model `Hsb' substituted by `hsb' on input line 1367.
Package xcolor Info: Model `tHsb' substituted by `hsb' on input line 1368.
Package xcolor Info: Model `HSB' substituted by `hsb' on input line 1369.
Package xcolor Info: Model `Gray' substituted by `gray' on input line 1370.
Package xcolor Info: Model `wave' substituted by `hsb' on input line 1371.
)
(C:\CTEX\MikTex2.9\tex\latex\mdwtools\footnote.sty
Package: footnote 1997/01/28 1.13 Save footnotes around boxes
\fn@notes=\box35
\fn@width=\dimen144
)
(bare_jrnl_compsoc-nocolor-second-noAppnedx.aux)
\openout1 = `bare_jrnl_compsoc-nocolor-second-noAppnedx.aux'.

LaTeX Font Info:    Checking defaults for OML/cmm/m/it on input line 404.
LaTeX Font Info:    ... okay on input line 404.
LaTeX Font Info:    Checking defaults for T1/cmr/m/n on input line 404.
LaTeX Font Info:    ... okay on input line 404.
LaTeX Font Info:    Checking defaults for OT1/cmr/m/n on input line 404.
LaTeX Font Info:    ... okay on input line 404.
LaTeX Font Info:    Checking defaults for OMS/cmsy/m/n on input line 404.
LaTeX Font Info:    ... okay on input line 404.
LaTeX Font Info:    Checking defaults for OMX/cmex/m/n on input line 404.
LaTeX Font Info:    ... okay on input line 404.
LaTeX Font Info:    Checking defaults for U/cmr/m/n on input line 404.
LaTeX Font Info:    ... okay on input line 404.

-- Lines per column: 32 (exact).
(C:\CTEX\MikTex2.9\tex\context\base\supp-pdf.mkii
[Loading MPS to PDF converter (version 2006.09.02).]
\scratchcounter=\count122
\scratchdimen=\dimen145
\scratchbox=\box36
\nofMPsegments=\count123
\nofMParguments=\count124
\everyMPshowfont=\toks27
\MPscratchCnt=\count125
\MPscratchDim=\dimen146
\MPnumerator=\count126
\makeMPintoPDFobject=\count127
\everyMPtoPDFconversion=\toks28
) (C:\CTEX\MikTex2.9\tex\latex\oberdiek\epstopdf-base.sty
Package: epstopdf-base 2016/05/15 v2.6 Base part for package epstopdf

(C:\CTEX\MikTex2.9\tex\generic\oberdiek\infwarerr.sty
Package: infwarerr 2016/05/16 v1.4 Providing info/warning/error messages (HO)
)
(C:\CTEX\MikTex2.9\tex\latex\oberdiek\grfext.sty
Package: grfext 2016/05/16 v1.2 Manage graphics extensions (HO)

(C:\CTEX\MikTex2.9\tex\generic\oberdiek\kvdefinekeys.sty
Package: kvdefinekeys 2016/05/16 v1.4 Define keys (HO)

(C:\CTEX\MikTex2.9\tex\generic\oberdiek\ltxcmds.sty
Package: ltxcmds 2016/05/16 v1.23 LaTeX kernel commands for general use (HO)
)))
(C:\CTEX\MikTex2.9\tex\latex\oberdiek\kvoptions.sty
Package: kvoptions 2016/05/16 v3.12 Key value format for package options (HO)

(C:\CTEX\MikTex2.9\tex\generic\oberdiek\kvsetkeys.sty
Package: kvsetkeys 2016/05/16 v1.17 Key value parser (HO)

(C:\CTEX\MikTex2.9\tex\generic\oberdiek\etexcmds.sty
Package: etexcmds 2016/05/16 v1.6 Avoid name clashes with e-TeX commands (HO)

(C:\CTEX\MikTex2.9\tex\generic\oberdiek\ifluatex.sty
Package: ifluatex 2016/05/16 v1.4 Provides the ifluatex switch (HO)
Package ifluatex Info: LuaTeX not detected.
)
Package etexcmds Info: Could not find \expanded.
(etexcmds)             That can mean that you are not using pdfTeX 1.50 or
(etexcmds)             that some package has redefined \expanded.
(etexcmds)             In the latter case, load this package earlier.
)))
(C:\CTEX\MikTex2.9\tex\generic\oberdiek\pdftexcmds.sty
Package: pdftexcmds 2017/03/19 v0.25 Utility functions of pdfTeX for LuaTeX (HO
)

(C:\CTEX\MikTex2.9\tex\generic\oberdiek\ifpdf.sty
Package: ifpdf 2017/03/15 v3.2 Provides the ifpdf switch
)
Package pdftexcmds Info: LuaTeX not detected.
Package pdftexcmds Info: \pdf@primitive is available.
Package pdftexcmds Info: \pdf@ifprimitive is available.
Package pdftexcmds Info: \pdfdraftmode found.
)
Package epstopdf-base Info: Redefining graphics rule for `.eps' on input line 4
38.
Package grfext Info: Graphics extension search list:
(grfext)             [.pdf,.png,.jpg,.mps,.jpeg,.jbig2,.jb2,.PDF,.PNG,.JPG,.JPE
G,.JBIG2,.JB2,.eps]
(grfext)             \AppendGraphicsExtensions on input line 456.
) [1{C:/CTEX/UserData/pdftex/config/pdftex.map}]
** ATTENTION: \IEEEPARstart is disabled in draft mode (line 590).
[2]
Overfull \hbox (1.19067pt too wide) in paragraph at lines 600--601
\OT1/ptm/m/n/12 case gen-er-a-tion and fault lo-cal-iza-tion stages, we con-jec
-ture that first-generation-then-identification
 []

[3] [4]
Package epstopdf Info: Source file: <CT_lifecircle.eps>
(epstopdf)                    date: 2015-01-17 16:45:06
(epstopdf)                    size: 342748 bytes
(epstopdf)             Output file: <CT_lifecircle-eps-converted-to.pdf>
(epstopdf)                    date: 2018-01-23 16:49:52
(epstopdf)                    size: 41462 bytes
(epstopdf)             Command: <epstopdf --outfile=CT_lifecircle-eps-converted
-to.pdf CT_lifecircle.eps>
(epstopdf)             \includegraphics on input line 656.
Package epstopdf Info: Output file is already uptodate.
<CT_lifecircle-eps-converted-to.pdf, id=17, pagebox=cropbox, 633.36626pt x 213.
79875pt>
File: CT_lifecircle-eps-converted-to.pdf Graphic file (type pdf)
<use CT_lifecircle-eps-converted-to.pdf>
Package pdftex.def Info: CT_lifecircle-eps-converted-to.pdf  used on input line
 656. on input line 656.
Package pdftex.def Info: Requested size: 245.71754pt x 82.94402pt on input line
 656.
 [5 <./CT_lifecircle-eps-converted-to.pdf>]
\c@definition=\count128
 [6] [7] [8]
\c@assumption=\count129
 [9] [10]
[11] [12] [13] [14] [15] [16]
Package epstopdf Info: Source file: <baicOutline.eps>
(epstopdf)                    date: 2015-01-20 04:29:37
(epstopdf)                    size: 298573 bytes
(epstopdf)             Output file: <baicOutline-eps-converted-to.pdf>
(epstopdf)                    date: 2018-01-23 16:49:54
(epstopdf)                    size: 21842 bytes
(epstopdf)             Command: <epstopdf --outfile=baicOutline-eps-converted-t
o.pdf baicOutline.eps>
(epstopdf)             \includegraphics on input line 1009.
Package epstopdf Info: Output file is already uptodate.
<baicOutline-eps-converted-to.pdf, id=80, pagebox=cropbox, 392.46625pt x 460.72
125pt>
File: baicOutline-eps-converted-to.pdf Graphic file (type pdf)
<use baicOutline-eps-converted-to.pdf>
Package pdftex.def Info: baicOutline-eps-converted-to.pdf  used on input line 1
009. on input line 1009.
Package pdftex.def Info: Requested size: 245.71754pt x 288.45624pt on input lin
e 1009.
 [17] [18 <./baicOutline-eps-converted-to.pdf>]
[19] [20] [21] [22] [23] [24] [25]
LaTeX Font Info:    Try loading font information for OMS+ptm on input line 1233
.

(C:\CTEX\MikTex2.9\tex\latex\psnfss\omsptm.fd
File: omsptm.fd 
)
LaTeX Font Info:    Font shape `OMS/ptm/m/n' in size <12> not available
(Font)              Font shape `OMS/cmsy/m/n' tried instead on input line 1233.

 [26] [27] [28] [29] [30]
[31]
LaTeX Font Info:    Try loading font information for OT1+pcr on input line 1482
.
 (C:\CTEX\MikTex2.9\tex\latex\psnfss\ot1pcr.fd
File: ot1pcr.fd 2001/06/04 font definitions for OT1/pcr.
) [32] [33] [34]
Overfull \hbox (6.18591pt too wide) in paragraph at lines 1589--1604
 [][] 
 []

[35] [36] [37]
Package epstopdf Info: Source file: <ex1.eps>
(epstopdf)                    date: 2017-06-03 18:09:21
(epstopdf)                    size: 1081502 bytes
(epstopdf)             Output file: <ex1-eps-converted-to.pdf>
(epstopdf)                    date: 2018-01-23 16:49:57
(epstopdf)                    size: 185122 bytes
(epstopdf)             Command: <epstopdf --outfile=ex1-eps-converted-to.pdf ex
1.eps>
(epstopdf)             \includegraphics on input line 1691.
Package epstopdf Info: Output file is already uptodate.
<ex1-eps-converted-to.pdf, id=162, pagebox=cropbox, 1439.3775pt x 631.35875pt>
File: ex1-eps-converted-to.pdf Graphic file (type pdf)
<use ex1-eps-converted-to.pdf>
Package pdftex.def Info: ex1-eps-converted-to.pdf  used on input line 1691. on 
input line 1691.
Package pdftex.def Info: Requested size: 505.89pt x 221.9037pt on input line 16
91.

Overfull \hbox (36.13498pt too wide) in paragraph at lines 1691--1692
[][] 
 []

[38] [39 <./ex1-eps-converted-to.pdf>] [40] [41] [42] [43]
Package epstopdf Info: Source file: <fd-cit.eps>
(epstopdf)                    date: 2015-05-22 17:14:57
(epstopdf)                    size: 291970 bytes
(epstopdf)             Output file: <fd-cit-eps-converted-to.pdf>
(epstopdf)                    date: 2018-01-23 16:49:59
(epstopdf)                    size: 20989 bytes
(epstopdf)             Command: <epstopdf --outfile=fd-cit-eps-converted-to.pdf
 fd-cit.eps>
(epstopdf)             \includegraphics on input line 1874.
Package epstopdf Info: Output file is already uptodate.
<fd-cit-eps-converted-to.pdf, id=189, pagebox=cropbox, 341.275pt x 427.5975pt>
File: fd-cit-eps-converted-to.pdf Graphic file (type pdf)
<use fd-cit-eps-converted-to.pdf>
Package pdftex.def Info: fd-cit-eps-converted-to.pdf  used on input line 1874. 
on input line 1874.
Package pdftex.def Info: Requested size: 245.71754pt x 307.87648pt on input lin
e 1874.
 [44 <./fd-cit-eps-converted-to.pdf>] [45] [46]
Overfull \hbox (0.19531pt too wide) in paragraph at lines 1938--1939
[]\OT1/ptm/m/n/12 This re-sult sug-gests that the clas-si-fi-ca-tion tree ap-pr
oach used by \OT1/ptm/m/it/12 fda-cit\OT1/ptm/m/n/12 , al-though very resource-

 []

Package epstopdf Info: Source file: <ex2.eps>
(epstopdf)                    date: 2017-06-03 18:08:18
(epstopdf)                    size: 1465759 bytes
(epstopdf)             Output file: <ex2-eps-converted-to.pdf>
(epstopdf)                    date: 2018-01-23 16:50:02
(epstopdf)                    size: 263648 bytes
(epstopdf)             Command: <epstopdf --outfile=ex2-eps-converted-to.pdf ex
2.eps>
(epstopdf)             \includegraphics on input line 1947.
Package epstopdf Info: Output file is already uptodate.
<ex2-eps-converted-to.pdf, id=210, pagebox=cropbox, 1453.43pt x 929.4725pt>
File: ex2-eps-converted-to.pdf Graphic file (type pdf)
<use ex2-eps-converted-to.pdf>
Package pdftex.def Info: ex2-eps-converted-to.pdf  used on input line 1947. on 
input line 1947.
Package pdftex.def Info: Requested size: 505.89pt x 323.51906pt on input line 1
947.

Overfull \hbox (36.13498pt too wide) in paragraph at lines 1947--1948
[][] 
 []

[47] [48 <./ex2-eps-converted-to.pdf>] [49] [50] [51] [52] [53] [54]
Package epstopdf Info: Source file: <sens_mfs_f_measure.eps>
(epstopdf)                    date: 2017-06-03 18:12:57
(epstopdf)                    size: 69964 bytes
(epstopdf)             Output file: <sens_mfs_f_measure-eps-converted-to.pdf>
(epstopdf)                    date: 2018-01-23 16:50:03
(epstopdf)                    size: 38552 bytes
(epstopdf)             Command: <epstopdf --outfile=sens_mfs_f_measure-eps-conv
erted-to.pdf sens_mfs_f_measure.eps>
(epstopdf)             \includegraphics on input line 2236.
Package epstopdf Info: Output file is already uptodate.
<sens_mfs_f_measure-eps-converted-to.pdf, id=243, pagebox=cropbox, 589.20125pt 
x 300.12125pt>
File: sens_mfs_f_measure-eps-converted-to.pdf Graphic file (type pdf)
<use sens_mfs_f_measure-eps-converted-to.pdf>
Package pdftex.def Info: sens_mfs_f_measure-eps-converted-to.pdf  used on input
 line 2236. on input line 2236.
Package pdftex.def Info: Requested size: 252.94499pt x 128.84354pt on input lin
e 2236.
 [55]
Package epstopdf Info: Source file: <sens_mfs_tests.eps>
(epstopdf)                    date: 2017-06-03 18:17:15
(epstopdf)                    size: 69697 bytes
(epstopdf)             Output file: <sens_mfs_tests-eps-converted-to.pdf>
(epstopdf)                    date: 2018-01-23 16:50:04
(epstopdf)                    size: 38083 bytes
(epstopdf)             Command: <epstopdf --outfile=sens_mfs_tests-eps-converte
d-to.pdf sens_mfs_tests.eps>
(epstopdf)             \includegraphics on input line 2250.
Package epstopdf Info: Output file is already uptodate.
<sens_mfs_tests-eps-converted-to.pdf, id=248, pagebox=cropbox, 589.20125pt x 30
0.12125pt>
File: sens_mfs_tests-eps-converted-to.pdf Graphic file (type pdf)
<use sens_mfs_tests-eps-converted-to.pdf>
Package pdftex.def Info: sens_mfs_tests-eps-converted-to.pdf  used on input lin
e 2250. on input line 2250.
Package pdftex.def Info: Requested size: 252.94499pt x 128.84354pt on input lin
e 2250.

[56 <./sens_mfs_f_measure-eps-converted-to.pdf> <./sens_mfs_tests-eps-converted
-to.pdf>]
Package epstopdf Info: Source file: <num_mfs_t_tuple.eps>
(epstopdf)                    date: 2018-03-26 12:43:13
(epstopdf)                    size: 73194 bytes
(epstopdf)             Output file: <num_mfs_t_tuple-eps-converted-to.pdf>
(epstopdf)                    date: 2018-03-26 12:50:58
(epstopdf)                    size: 40240 bytes
(epstopdf)             Command: <epstopdf --outfile=num_mfs_t_tuple-eps-convert
ed-to.pdf num_mfs_t_tuple.eps>
(epstopdf)             \includegraphics on input line 2267.
Package epstopdf Info: Output file is already uptodate.
<num_mfs_t_tuple-eps-converted-to.pdf, id=351, pagebox=cropbox, 589.20125pt x 3
00.12125pt>
File: num_mfs_t_tuple-eps-converted-to.pdf Graphic file (type pdf)
<use num_mfs_t_tuple-eps-converted-to.pdf>
Package pdftex.def Info: num_mfs_t_tuple-eps-converted-to.pdf  used on input li
ne 2267. on input line 2267.
Package pdftex.def Info: Requested size: 252.94499pt x 128.84354pt on input lin
e 2267.
 [57 <./num_mfs_t_tuple-eps-converted-to.pdf>]
Package epstopdf Info: Source file: <fmeasuremulti.eps>
(epstopdf)                    date: 2018-01-30 13:44:22
(epstopdf)                    size: 377278 bytes
(epstopdf)             Output file: <fmeasuremulti-eps-converted-to.pdf>
(epstopdf)                    date: 2018-01-30 13:46:11
(epstopdf)                    size: 60470 bytes
(epstopdf)             Command: <epstopdf --outfile=fmeasuremulti-eps-converted
-to.pdf fmeasuremulti.eps>
(epstopdf)             \includegraphics on input line 2278.
Package epstopdf Info: Output file is already uptodate.
<fmeasuremulti-eps-converted-to.pdf, id=409, pagebox=cropbox, 589.20125pt x 300
.12125pt>
File: fmeasuremulti-eps-converted-to.pdf Graphic file (type pdf)
<use fmeasuremulti-eps-converted-to.pdf>
Package pdftex.def Info: fmeasuremulti-eps-converted-to.pdf  used on input line
 2278. on input line 2278.
Package pdftex.def Info: Requested size: 252.94499pt x 128.84354pt on input lin
e 2278.
Package epstopdf Info: Source file: <decreasingoffmeasure.eps>
(epstopdf)                    date: 2018-01-30 19:36:31
(epstopdf)                    size: 50924 bytes
(epstopdf)             Output file: <decreasingoffmeasure-eps-converted-to.pdf>

(epstopdf)                    date: 2018-01-30 19:38:20
(epstopdf)                    size: 19786 bytes
(epstopdf)             Command: <epstopdf --outfile=decreasingoffmeasure-eps-co
nverted-to.pdf decreasingoffmeasure.eps>
(epstopdf)             \includegraphics on input line 2284.
Package epstopdf Info: Output file is already uptodate.
<decreasingoffmeasure-eps-converted-to.pdf, id=410, pagebox=cropbox, 589.20125p
t x 300.12125pt>
File: decreasingoffmeasure-eps-converted-to.pdf Graphic file (type pdf)
<use decreasingoffmeasure-eps-converted-to.pdf>
Package pdftex.def Info: decreasingoffmeasure-eps-converted-to.pdf  used on inp
ut line 2284. on input line 2284.
Package pdftex.def Info: Requested size: 252.94499pt x 128.84354pt on input lin
e 2284.
 [58 <./fmeasuremulti-eps-converted-to.pdf> <./decreasingoffmeasure-eps-convert
ed-to.pdf>]
Package epstopdf Info: Source file: <sens_options_f_measure.eps>
(epstopdf)                    date: 2017-06-03 18:16:11
(epstopdf)                    size: 65942 bytes
(epstopdf)             Output file: <sens_options_f_measure-eps-converted-to.pd
f>
(epstopdf)                    date: 2018-01-23 16:50:06
(epstopdf)                    size: 37631 bytes
(epstopdf)             Command: <epstopdf --outfile=sens_options_f_measure-eps-
converted-to.pdf sens_options_f_measure.eps>
(epstopdf)             \includegraphics on input line 2307.
Package epstopdf Info: Output file is already uptodate.
<sens_options_f_measure-eps-converted-to.pdf, id=457, pagebox=cropbox, 589.2012
5pt x 300.12125pt>
File: sens_options_f_measure-eps-converted-to.pdf Graphic file (type pdf)
<use sens_options_f_measure-eps-converted-to.pdf>
Package pdftex.def Info: sens_options_f_measure-eps-converted-to.pdf  used on i
nput line 2307. on input line 2307.
Package pdftex.def Info: Requested size: 252.94499pt x 128.84354pt on input lin
e 2307.
Package epstopdf Info: Source file: <sens_options_tests.eps>
(epstopdf)                    date: 2017-06-03 18:14:49
(epstopdf)                    size: 66297 bytes
(epstopdf)             Output file: <sens_options_tests-eps-converted-to.pdf>
(epstopdf)                    date: 2018-01-23 16:50:07
(epstopdf)                    size: 36224 bytes
(epstopdf)             Command: <epstopdf --outfile=sens_options_tests-eps-conv
erted-to.pdf sens_options_tests.eps>
(epstopdf)             \includegraphics on input line 2314.
Package epstopdf Info: Output file is already uptodate.
<sens_options_tests-eps-converted-to.pdf, id=458, pagebox=cropbox, 589.20125pt 
x 300.12125pt>
File: sens_options_tests-eps-converted-to.pdf Graphic file (type pdf)
<use sens_options_tests-eps-converted-to.pdf>
Package pdftex.def Info: sens_options_tests-eps-converted-to.pdf  used on input
 line 2314. on input line 2314.
Package pdftex.def Info: Requested size: 252.94499pt x 128.84354pt on input lin
e 2314.
Package epstopdf Info: Source file: <num_option_t_tuple.eps>
(epstopdf)                    date: 2018-03-26 12:43:53
(epstopdf)                    size: 69729 bytes
(epstopdf)             Output file: <num_option_t_tuple-eps-converted-to.pdf>
(epstopdf)                    date: 2018-03-26 12:54:41
(epstopdf)                    size: 39203 bytes
(epstopdf)             Command: <epstopdf --outfile=num_option_t_tuple-eps-conv
erted-to.pdf num_option_t_tuple.eps>
(epstopdf)             \includegraphics on input line 2320.
Package epstopdf Info: Output file is already uptodate.
<num_option_t_tuple-eps-converted-to.pdf, id=459, pagebox=cropbox, 589.20125pt 
x 300.12125pt>
File: num_option_t_tuple-eps-converted-to.pdf Graphic file (type pdf)
<use num_option_t_tuple-eps-converted-to.pdf>
Package pdftex.def Info: num_option_t_tuple-eps-converted-to.pdf  used on input
 line 2320. on input line 2320.
Package pdftex.def Info: Requested size: 252.94499pt x 128.84354pt on input lin
e 2320.
 [59 <./sens_options_f_measure-eps-converted-to.pdf> <./sens_options_tests-eps-
converted-to.pdf>] [60 <./num_option_t_tuple-eps-converted-to.pdf>] [61]
Package epstopdf Info: Source file: <sen_und_f_measure.eps>
(epstopdf)                    date: 2018-01-31 15:36:19
(epstopdf)                    size: 68384 bytes
(epstopdf)             Output file: <sen_und_f_measure-eps-converted-to.pdf>
(epstopdf)                    date: 2018-01-31 15:36:24
(epstopdf)                    size: 38334 bytes
(epstopdf)             Command: <epstopdf --outfile=sen_und_f_measure-eps-conve
rted-to.pdf sen_und_f_measure.eps>
(epstopdf)             \includegraphics on input line 2380.
Package epstopdf Info: Output file is already uptodate.
<sen_und_f_measure-eps-converted-to.pdf, id=622, pagebox=cropbox, 589.20125pt x
 300.12125pt>
File: sen_und_f_measure-eps-converted-to.pdf Graphic file (type pdf)
<use sen_und_f_measure-eps-converted-to.pdf>
Package pdftex.def Info: sen_und_f_measure-eps-converted-to.pdf  used on input 
line 2380. on input line 2380.
Package pdftex.def Info: Requested size: 252.94499pt x 128.84354pt on input lin
e 2380.
Package epstopdf Info: Source file: <sen_und_tests.eps>
(epstopdf)                    date: 2018-01-31 09:44:30
(epstopdf)                    size: 67365 bytes
(epstopdf)             Output file: <sen_und_tests-eps-converted-to.pdf>
(epstopdf)                    date: 2018-01-31 09:44:36
(epstopdf)                    size: 37965 bytes
(epstopdf)             Command: <epstopdf --outfile=sen_und_tests-eps-converted
-to.pdf sen_und_tests.eps>
(epstopdf)             \includegraphics on input line 2387.
Package epstopdf Info: Output file is already uptodate.
<sen_und_tests-eps-converted-to.pdf, id=623, pagebox=cropbox, 589.20125pt x 300
.12125pt>
File: sen_und_tests-eps-converted-to.pdf Graphic file (type pdf)
<use sen_und_tests-eps-converted-to.pdf>
Package pdftex.def Info: sen_und_tests-eps-converted-to.pdf  used on input line
 2387. on input line 2387.
Package pdftex.def Info: Requested size: 252.94499pt x 128.84354pt on input lin
e 2387.
Package epstopdf Info: Source file: <sen_pro_t_tuple.eps>
(epstopdf)                    date: 2018-03-26 12:45:32
(epstopdf)                    size: 74861 bytes
(epstopdf)             Output file: <sen_pro_t_tuple-eps-converted-to.pdf>
(epstopdf)                    date: 2018-03-26 15:12:16
(epstopdf)                    size: 39198 bytes
(epstopdf)             Command: <epstopdf --outfile=sen_pro_t_tuple-eps-convert
ed-to.pdf sen_pro_t_tuple.eps>
(epstopdf)             \includegraphics on input line 2393.
Package epstopdf Info: Output file is already uptodate.
<sen_pro_t_tuple-eps-converted-to.pdf, id=624, pagebox=cropbox, 589.20125pt x 3
00.12125pt>
File: sen_pro_t_tuple-eps-converted-to.pdf Graphic file (type pdf)
<use sen_pro_t_tuple-eps-converted-to.pdf>
Package pdftex.def Info: sen_pro_t_tuple-eps-converted-to.pdf  used on input li
ne 2393. on input line 2393.
Package pdftex.def Info: Requested size: 252.94499pt x 128.84354pt on input lin
e 2393.
 [62] [63 <./sen_und_f_measure-eps-converted-to.pdf> <./sen_und_tests-eps-conve
rted-to.pdf> <./sen_pro_t_tuple-eps-converted-to.pdf>] [64]
Package epstopdf Info: Source file: <sen_und_redundancy.eps>
(epstopdf)                    date: 2018-01-31 15:19:49
(epstopdf)                    size: 68397 bytes
(epstopdf)             Output file: <sen_und_redundancy-eps-converted-to.pdf>
(epstopdf)                    date: 2018-01-31 15:20:27
(epstopdf)                    size: 38472 bytes
(epstopdf)             Command: <epstopdf --outfile=sen_und_redundancy-eps-conv
erted-to.pdf sen_und_redundancy.eps>
(epstopdf)             \includegraphics on input line 2419.
Package epstopdf Info: Output file is already uptodate.
<sen_und_redundancy-eps-converted-to.pdf, id=790, pagebox=cropbox, 589.20125pt 
x 300.12125pt>
File: sen_und_redundancy-eps-converted-to.pdf Graphic file (type pdf)
<use sen_und_redundancy-eps-converted-to.pdf>
Package pdftex.def Info: sen_und_redundancy-eps-converted-to.pdf  used on input
 line 2419. on input line 2419.
Package pdftex.def Info: Requested size: 252.94499pt x 128.84354pt on input lin
e 2419.
Package epstopdf Info: Source file: <sen_safe_f_measure.eps>
(epstopdf)                    date: 2018-02-02 22:14:11
(epstopdf)                    size: 54286 bytes
(epstopdf)             Output file: <sen_safe_f_measure-eps-converted-to.pdf>
(epstopdf)                    date: 2018-02-02 22:14:57
(epstopdf)                    size: 30975 bytes
(epstopdf)             Command: <epstopdf --outfile=sen_safe_f_measure-eps-conv
erted-to.pdf sen_safe_f_measure.eps>
(epstopdf)             \includegraphics on input line 2448.
Package epstopdf Info: Output file is already uptodate.
<sen_safe_f_measure-eps-converted-to.pdf, id=791, pagebox=cropbox, 589.20125pt 
x 300.12125pt>
File: sen_safe_f_measure-eps-converted-to.pdf Graphic file (type pdf)
<use sen_safe_f_measure-eps-converted-to.pdf>
Package pdftex.def Info: sen_safe_f_measure-eps-converted-to.pdf  used on input
 line 2448. on input line 2448.
Package pdftex.def Info: Requested size: 252.94499pt x 128.84354pt on input lin
e 2448.
Package epstopdf Info: Source file: <sen_safe_tests.eps>
(epstopdf)                    date: 2018-02-02 22:14:49
(epstopdf)                    size: 55341 bytes
(epstopdf)             Output file: <sen_safe_tests-eps-converted-to.pdf>
(epstopdf)                    date: 2018-02-02 22:14:57
(epstopdf)                    size: 33215 bytes
(epstopdf)             Command: <epstopdf --outfile=sen_safe_tests-eps-converte
d-to.pdf sen_safe_tests.eps>
(epstopdf)             \includegraphics on input line 2455.
Package epstopdf Info: Output file is already uptodate.
<sen_safe_tests-eps-converted-to.pdf, id=792, pagebox=cropbox, 670.505pt x 300.
12125pt>
File: sen_safe_tests-eps-converted-to.pdf Graphic file (type pdf)
<use sen_safe_tests-eps-converted-to.pdf>
Package pdftex.def Info: sen_safe_tests-eps-converted-to.pdf  used on input lin
e 2455. on input line 2455.
Package pdftex.def Info: Requested size: 252.94499pt x 113.21837pt on input lin
e 2455.
Package epstopdf Info: Source file: <sen_safe_t_tuple.eps>
(epstopdf)                    date: 2018-03-26 12:48:17
(epstopdf)                    size: 61360 bytes
(epstopdf)             Output file: <sen_safe_t_tuple-eps-converted-to.pdf>
(epstopdf)                    date: 2018-03-26 16:16:23
(epstopdf)                    size: 34745 bytes
(epstopdf)             Command: <epstopdf --outfile=sen_safe_t_tuple-eps-conver
ted-to.pdf sen_safe_t_tuple.eps>
(epstopdf)             \includegraphics on input line 2461.
Package epstopdf Info: Output file is already uptodate.
<sen_safe_t_tuple-eps-converted-to.pdf, id=793, pagebox=cropbox, 589.20125pt x 
300.12125pt>
File: sen_safe_t_tuple-eps-converted-to.pdf Graphic file (type pdf)
<use sen_safe_t_tuple-eps-converted-to.pdf>
Package pdftex.def Info: sen_safe_t_tuple-eps-converted-to.pdf  used on input l
ine 2461. on input line 2461.
Package pdftex.def Info: Requested size: 252.94499pt x 128.84354pt on input lin
e 2461.
 [65 <./sen_und_redundancy-eps-converted-to.pdf>] [66 <./sen_safe_f_measure-eps
-converted-to.pdf> <./sen_safe_tests-eps-converted-to.pdf> <./sen_safe_t_tuple-
eps-converted-to.pdf>]
Package epstopdf Info: Source file: <enNonSafe.eps>
(epstopdf)                    date: 2018-02-03 17:43:03
(epstopdf)                    size: 57223 bytes
(epstopdf)             Output file: <enNonSafe-eps-converted-to.pdf>
(epstopdf)                    date: 2018-02-03 17:47:04
(epstopdf)                    size: 34927 bytes
(epstopdf)             Command: <epstopdf --outfile=enNonSafe-eps-converted-to.
pdf enNonSafe.eps>
(epstopdf)             \includegraphics on input line 2474.
Package epstopdf Info: Output file is already uptodate.
<enNonSafe-eps-converted-to.pdf, id=987, pagebox=cropbox, 589.20125pt x 300.121
25pt>
File: enNonSafe-eps-converted-to.pdf Graphic file (type pdf)
<use enNonSafe-eps-converted-to.pdf>
Package pdftex.def Info: enNonSafe-eps-converted-to.pdf  used on input line 247
4. on input line 2474.
Package pdftex.def Info: Requested size: 252.94499pt x 128.84354pt on input lin
e 2474.
Package epstopdf Info: Source file: <enNonSafeTriggerAvg.eps>
(epstopdf)                    date: 2018-02-03 17:43:59
(epstopdf)                    size: 56222 bytes
(epstopdf)             Output file: <enNonSafeTriggerAvg-eps-converted-to.pdf>
(epstopdf)                    date: 2018-02-03 17:47:06
(epstopdf)                    size: 34924 bytes
(epstopdf)             Command: <epstopdf --outfile=enNonSafeTriggerAvg-eps-con
verted-to.pdf enNonSafeTriggerAvg.eps>
(epstopdf)             \includegraphics on input line 2481.
Package epstopdf Info: Output file is already uptodate.
<enNonSafeTriggerAvg-eps-converted-to.pdf, id=988, pagebox=cropbox, 589.20125pt
 x 300.12125pt>
File: enNonSafeTriggerAvg-eps-converted-to.pdf Graphic file (type pdf)
<use enNonSafeTriggerAvg-eps-converted-to.pdf>
Package pdftex.def Info: enNonSafeTriggerAvg-eps-converted-to.pdf  used on inpu
t line 2481. on input line 2481.
Package pdftex.def Info: Requested size: 252.94499pt x 128.84354pt on input lin
e 2481.
 [67 <./enNonSafe-eps-converted-to.pdf>] [68 <./enNonSafeTriggerAvg-eps-convert
ed-to.pdf>]
[69] [70] [71] [72] [73] [74] (bare_jrnl_compsoc-nocolor-second-noAppnedx.bbl
[75] [76] [77]
Missing character: There is no ï in font ptmri7t!
Missing character: There is no ¿ in font ptmri7t!
Missing character: There is no ½ in font ptmri7t!
Missing character: There is no ï in font ptmri7t!
Missing character: There is no ¿ in font ptmri7t!
Missing character: There is no ½ in font ptmri7t!
Missing character: There is no ï in font ptmri7t!
Missing character: There is no ¿ in font ptmri7t!
Missing character: There is no ½ in font ptmri7t!
Missing character: There is no ï in font ptmri7t!
Missing character: There is no ¿ in font ptmri7t!
Missing character: There is no ½ in font ptmri7t!
 [78])
<niu.png, id=1117, 1281.78876pt x 1490.56876pt>
File: niu.png Graphic file (type png)
<use niu.png>
Package pdftex.def Info: niu.png  used on input line 3047. on input line 3047.
Package pdftex.def Info: Requested size: 71.46674pt x 83.10736pt on input line 
3047.
File: niu.png Graphic file (type png)
<use niu.png>
Package pdftex.def Info: niu.png  used on input line 3047. on input line 3047.
Package pdftex.def Info: Requested size: 71.46674pt x 83.10736pt on input line 
3047.
<nie.png, id=1121, 230.36063pt x 258.21469pt>
File: nie.png Graphic file (type png)
<use nie.png>
Package pdftex.def Info: nie.png  used on input line 3054. on input line 3054.
Package pdftex.def Info: Requested size: 72.2687pt x 81.00708pt on input line 3
054.
File: nie.png Graphic file (type png)
<use nie.png>
Package pdftex.def Info: nie.png  used on input line 3054. on input line 3054.
Package pdftex.def Info: Requested size: 72.2687pt x 81.00708pt on input line 3
054.
<hare.png, id=1124, 1214.136pt x 1402.038pt>
File: hare.png Graphic file (type png)
<use hare.png>
Package pdftex.def Info: hare.png  used on input line 3058. on input line 3058.

Package pdftex.def Info: Requested size: 72.25217pt x 83.43405pt on input line 
3058.
File: hare.png Graphic file (type png)
<use hare.png>
Package pdftex.def Info: hare.png  used on input line 3058. on input line 3058.

Package pdftex.def Info: Requested size: 72.25217pt x 83.43405pt on input line 
3058.
 [79 <./niu.png> <./nie.png> <./hare.png>]
<lei.jpg, id=1137, 242.1045pt x 327.3831pt>
File: lei.jpg Graphic file (type jpg)
<use lei.jpg>
Package pdftex.def Info: lei.jpg  used on input line 3062. on input line 3062.
Package pdftex.def Info: Requested size: 66.80614pt x 90.33784pt on input line 
3062.
File: lei.jpg Graphic file (type jpg)
<use lei.jpg>
Package pdftex.def Info: lei.jpg  used on input line 3062. on input line 3062.
Package pdftex.def Info: Requested size: 66.80614pt x 90.33784pt on input line 
3062.
<xy.png, id=1140, 925.95938pt x 1489.81593pt>
File: xy.png Graphic file (type png)
<use xy.png>
Package pdftex.def Info: xy.png  used on input line 3066. on input line 3066.
Package pdftex.def Info: Requested size: 65.12048pt x 104.77515pt on input line
 3066.
File: xy.png Graphic file (type png)
<use xy.png>
Package pdftex.def Info: xy.png  used on input line 3066. on input line 3066.
Package pdftex.def Info: Requested size: 65.12048pt x 104.77515pt on input line
 3066.
<xujiaxi.jpg, id=1143, 2080.02094pt x 3120.4078pt>
File: xujiaxi.jpg Graphic file (type jpg)
<use xujiaxi.jpg>
Package pdftex.def Info: xujiaxi.jpg  used on input line 3070. on input line 30
70.
Package pdftex.def Info: Requested size: 69.82474pt x 104.74976pt on input line
 3070.
File: xujiaxi.jpg Graphic file (type jpg)
<use xujiaxi.jpg>
Package pdftex.def Info: xujiaxi.jpg  used on input line 3070. on input line 30
70.
Package pdftex.def Info: Requested size: 69.82474pt x 104.74976pt on input line
 3070.
<wangyan.png, id=1146, 93.951pt x 136.5903pt>
File: wangyan.png Graphic file (type png)
<use wangyan.png>
Package pdftex.def Info: wangyan.png  used on input line 3074. on input line 30
74.
Package pdftex.def Info: Requested size: 62.1383pt x 90.33952pt on input line 3
074.
File: wangyan.png Graphic file (type png)
<use wangyan.png>
Package pdftex.def Info: wangyan.png  used on input line 3074. on input line 30
74.
Package pdftex.def Info: Requested size: 62.1383pt x 90.33952pt on input line 3
074.
 [80 <./lei.jpg> <./xy.png> <./xujiaxi.jpg> <./wangyan.png>]
(bare_jrnl_compsoc-nocolor-second-noAppnedx.aux) ) 
Here is how much of TeX's memory you used:
 4936 strings out of 493312
 73961 string characters out of 3143321
 162085 words of memory out of 3000000
 8352 multiletter control sequences out of 15000+200000
 47913 words of font info for 89 fonts, out of 3000000 for 9000
 1144 hyphenation exceptions out of 8191
 41i,14n,38p,1928b,355s stack positions out of 5000i,500n,10000p,200000b,50000s
{C:/CTEX/MikTex2.9/fonts/enc/
dvips/base/8r.enc}<C:/CTEX/MikTex2.9/fonts/type1/public/amsfonts/cm/cmmi12.pfb>
<C:/CTEX/MikTex2.9/fonts/type1/public/amsfonts/cm/cmmi6.pfb><C:/CTEX/MikTex2.9/
fonts/type1/public/amsfonts/cm/cmmi8.pfb><C:/CTEX/MikTex2.9/fonts/type1/public/
amsfonts/cm/cmmi9.pfb><C:/CTEX/MikTex2.9/fonts/type1/public/amsfonts/cm/cmr12.p
fb><C:/CTEX/MikTex2.9/fonts/type1/public/amsfonts/cm/cmr6.pfb><C:/CTEX/MikTex2.
9/fonts/type1/public/amsfonts/cm/cmr8.pfb><C:/CTEX/MikTex2.9/fonts/type1/public
/amsfonts/cm/cmr9.pfb><C:/CTEX/MikTex2.9/fonts/type1/public/amsfonts/cm/cmsy10.
pfb><C:/CTEX/MikTex2.9/fonts/type1/public/amsfonts/cm/cmsy9.pfb><C:/CTEX/MikTex
2.9/fonts/type1/urw/courier/ucrr8a.pfb><C:/CTEX/MikTex2.9/fonts/type1/urw/times
/utmb8a.pfb><C:/CTEX/MikTex2.9/fonts/type1/urw/times/utmbi8a.pfb><C:/CTEX/MikTe
x2.9/fonts/type1/urw/times/utmr8a.pfb><C:/CTEX/MikTex2.9/fonts/type1/urw/times/
utmri8a.pfb>
Output written on bare_jrnl_compsoc-nocolor-second-noAppnedx.pdf (80 pages, 751
6262 bytes).
PDF statistics:
 1209 PDF objects out of 1440 (max. 8388607)
 0 named destinations out of 1000 (max. 500000)
 230 words of extra memory for PDF output out of 10000 (max. 10000000)

