This is pdfTeX, Version 3.14159265-2.6-1.40.18 (MiKTeX 2.9.6500) (preloaded format=pdflatex 2017.12.21)  12 JUN 2018 15:35
entering extended mode
**./bare_jrnl_appendix.tex
(bare_jrnl_appendix.tex
LaTeX2e <2017-04-15>
Babel <3.15> and hyphenation patterns for 75 language(s) loaded.
(IEEEtran.cls
Document Class: IEEEtran 2014/09/17 V1.8a by Michael Shell
-- See the "IEEEtran_HOWTO" manual for usage information.
-- http://www.michaelshell.org/tex/ieeetran/
\@IEEEtrantmpdimenA=\dimen102
\@IEEEtrantmpdimenB=\dimen103
\@IEEEtrantmpdimenC=\dimen104
\@IEEEtrantmpcountA=\count79
\@IEEEtrantmpcountB=\count80
\@IEEEtrantmpcountC=\count81
\@IEEEtrantmptoksA=\toks14
-- Using IEEE Computer Society mode.
LaTeX Font Info:    Try loading font information for OT1+ppl on input line 458.

(C:\CTEX\MikTex2.9\tex\latex\psnfss\ot1ppl.fd
File: ot1ppl.fd 2001/06/04 font definitions for OT1/ppl.
)
-- Using 8.5in x 11in (letter) paper.
-- Using PDF output.
\@IEEEnormalsizeunitybaselineskip=\dimen105
-- This is a 10 point document.
\CLASSINFOnormalsizebaselineskip=\dimen106
\CLASSINFOnormalsizeunitybaselineskip=\dimen107
\IEEEnormaljot=\dimen108
LaTeX Font Info:    Font shape `OT1/ppl/bx/n' in size <5.01874> not available
(Font)              Font shape `OT1/ppl/b/n' tried instead on input line 1039.
LaTeX Font Info:    Font shape `OT1/ppl/bx/it' in size <5.01874> not available
(Font)              Font shape `OT1/ppl/b/it' tried instead on input line 1039.

LaTeX Font Info:    Font shape `OT1/ppl/bx/n' in size <7.02625> not available
(Font)              Font shape `OT1/ppl/b/n' tried instead on input line 1039.
LaTeX Font Info:    Font shape `OT1/ppl/bx/it' in size <7.02625> not available
(Font)              Font shape `OT1/ppl/b/it' tried instead on input line 1039.

LaTeX Font Info:    Font shape `OT1/ppl/bx/n' in size <8.03> not available
(Font)              Font shape `OT1/ppl/b/n' tried instead on input line 1039.
LaTeX Font Info:    Font shape `OT1/ppl/bx/it' in size <8.03> not available
(Font)              Font shape `OT1/ppl/b/it' tried instead on input line 1039.

LaTeX Font Info:    Font shape `OT1/ppl/bx/n' in size <9.03374> not available
(Font)              Font shape `OT1/ppl/b/n' tried instead on input line 1039.
LaTeX Font Info:    Font shape `OT1/ppl/bx/it' in size <9.03374> not available
(Font)              Font shape `OT1/ppl/b/it' tried instead on input line 1039.

LaTeX Font Info:    Font shape `OT1/ppl/bx/n' in size <9.53561> not available
(Font)              Font shape `OT1/ppl/b/n' tried instead on input line 1039.
LaTeX Font Info:    Font shape `OT1/ppl/bx/it' in size <9.53561> not available
(Font)              Font shape `OT1/ppl/b/it' tried instead on input line 1039.

LaTeX Font Info:    Font shape `OT1/ppl/bx/n' in size <11.04124> not available
(Font)              Font shape `OT1/ppl/b/n' tried instead on input line 1039.
LaTeX Font Info:    Font shape `OT1/ppl/bx/it' in size <11.04124> not available

(Font)              Font shape `OT1/ppl/b/it' tried instead on input line 1039.

LaTeX Font Info:    Font shape `OT1/ppl/bx/n' in size <12.045> not available
(Font)              Font shape `OT1/ppl/b/n' tried instead on input line 1039.
LaTeX Font Info:    Font shape `OT1/ppl/bx/it' in size <12.045> not available
(Font)              Font shape `OT1/ppl/b/it' tried instead on input line 1039.

LaTeX Font Info:    Font shape `OT1/ppl/bx/n' in size <17.06374> not available
(Font)              Font shape `OT1/ppl/b/n' tried instead on input line 1039.
LaTeX Font Info:    Font shape `OT1/ppl/bx/it' in size <17.06374> not available

(Font)              Font shape `OT1/ppl/b/it' tried instead on input line 1039.

LaTeX Font Info:    Font shape `OT1/ppl/bx/n' in size <20.075> not available
(Font)              Font shape `OT1/ppl/b/n' tried instead on input line 1039.
LaTeX Font Info:    Font shape `OT1/ppl/bx/it' in size <20.075> not available
(Font)              Font shape `OT1/ppl/b/it' tried instead on input line 1039.

LaTeX Font Info:    Font shape `OT1/ppl/bx/n' in size <24.09> not available
(Font)              Font shape `OT1/ppl/b/n' tried instead on input line 1039.
LaTeX Font Info:    Font shape `OT1/ppl/bx/it' in size <24.09> not available
(Font)              Font shape `OT1/ppl/b/it' tried instead on input line 1039.

\IEEEquantizedlength=\dimen109
\IEEEquantizedlengthdiff=\dimen110
\IEEEquantizedtextheightdiff=\dimen111
\IEEEilabelindentA=\dimen112
\IEEEilabelindentB=\dimen113
\IEEEilabelindent=\dimen114
\IEEEelabelindent=\dimen115
\IEEEdlabelindent=\dimen116
\IEEElabelindent=\dimen117
\IEEEiednormlabelsep=\dimen118
\IEEEiedmathlabelsep=\dimen119
\IEEEiedtopsep=\skip41
\c@section=\count82
\c@subsection=\count83
\c@subsubsection=\count84
\c@paragraph=\count85
\c@IEEEsubequation=\count86
\abovecaptionskip=\skip42
\belowcaptionskip=\skip43
\c@figure=\count87
\c@table=\count88
\@IEEEeqnnumcols=\count89
\@IEEEeqncolcnt=\count90
\@IEEEsubeqnnumrollback=\count91
\@IEEEquantizeheightA=\dimen120
\@IEEEquantizeheightB=\dimen121
\@IEEEquantizeheightC=\dimen122
\@IEEEquantizeprevdepth=\dimen123
\@IEEEquantizemultiple=\count92
\@IEEEquantizeboxA=\box26
\@IEEEtmpitemindent=\dimen124
\c@IEEEbiography=\count93
\@IEEEtranrubishbin=\box27
) (C:\CTEX\MikTex2.9\tex\latex\cite\cite.sty
LaTeX Info: Redefining \cite on input line 302.
LaTeX Info: Redefining \nocite on input line 332.
Package: cite 2015/02/27  v 5.5
)
(C:\CTEX\MikTex2.9\tex\latex\ulem\ulem.sty
\UL@box=\box28
\UL@hyphenbox=\box29
\UL@skip=\skip44
\UL@hook=\toks15
\UL@height=\dimen125
\UL@pe=\count94
\UL@pixel=\dimen126
\ULC@box=\box30
Package: ulem 2012/05/18
\ULdepth=\dimen127
)
(C:\CTEX\MikTex2.9\tex\latex\algorithmicx\algpseudocode.sty
Package: algpseudocode 

(C:\CTEX\MikTex2.9\tex\latex\base\ifthen.sty
Package: ifthen 2014/09/29 v1.1c Standard LaTeX ifthen package (DPC)
)
(C:\CTEX\MikTex2.9\tex\latex\algorithmicx\algorithmicx.sty
Package: algorithmicx 2005/04/27 v1.2 Algorithmicx

Document Style algorithmicx 1.2 - a greatly improved `algorithmic' style
\c@ALG@line=\count95
\c@ALG@rem=\count96
\c@ALG@nested=\count97
\ALG@tlm=\skip45
\ALG@thistlm=\skip46
\c@ALG@Lnr=\count98
\c@ALG@blocknr=\count99
\c@ALG@storecount=\count100
\c@ALG@tmpcounter=\count101
\ALG@tmplength=\skip47
)
Document Style - pseudocode environments for use with the `algorithmicx' style
) (C:\CTEX\MikTex2.9\tex\latex\algorithms\algorithm.sty
Package: algorithm 2009/08/24 v0.1 Document Style `algorithm' - floating enviro
nment

(C:\CTEX\MikTex2.9\tex\latex\float\float.sty
Package: float 2001/11/08 v1.3d Float enhancements (AL)
\c@float@type=\count102
\float@exts=\toks16
\float@box=\box31
\@float@everytoks=\toks17
\@floatcapt=\box32
)
\@float@every@algorithm=\toks18
\c@algorithm=\count103
)
(C:\CTEX\MikTex2.9\tex\latex\amsmath\amsmath.sty
Package: amsmath 2017/09/02 v2.17a AMS math features
\@mathmargin=\skip48

For additional information on amsmath, use the `?' option.
(C:\CTEX\MikTex2.9\tex\latex\amsmath\amstext.sty
Package: amstext 2000/06/29 v2.01 AMS text

(C:\CTEX\MikTex2.9\tex\latex\amsmath\amsgen.sty
File: amsgen.sty 1999/11/30 v2.0 generic functions
\@emptytoks=\toks19
\ex@=\dimen128
))
(C:\CTEX\MikTex2.9\tex\latex\amsmath\amsbsy.sty
Package: amsbsy 1999/11/29 v1.2d Bold Symbols
\pmbraise@=\dimen129
)
(C:\CTEX\MikTex2.9\tex\latex\amsmath\amsopn.sty
Package: amsopn 2016/03/08 v2.02 operator names
)
\inf@bad=\count104
LaTeX Info: Redefining \frac on input line 213.
\uproot@=\count105
\leftroot@=\count106
LaTeX Info: Redefining \overline on input line 375.
\classnum@=\count107
\DOTSCASE@=\count108
LaTeX Info: Redefining \ldots on input line 472.
LaTeX Info: Redefining \dots on input line 475.
LaTeX Info: Redefining \cdots on input line 596.
\Mathstrutbox@=\box33
\strutbox@=\box34
\big@size=\dimen130
LaTeX Font Info:    Redeclaring font encoding OML on input line 712.
LaTeX Font Info:    Redeclaring font encoding OMS on input line 713.
\macc@depth=\count109
\c@MaxMatrixCols=\count110
\dotsspace@=\muskip10
\c@parentequation=\count111
\dspbrk@lvl=\count112
\tag@help=\toks20
\row@=\count113
\column@=\count114
\maxfields@=\count115
\andhelp@=\toks21
\eqnshift@=\dimen131
\alignsep@=\dimen132
\tagshift@=\dimen133
\tagwidth@=\dimen134
\totwidth@=\dimen135
\lineht@=\dimen136
\@envbody=\toks22
\multlinegap=\skip49
\multlinetaggap=\skip50
\mathdisplay@stack=\toks23
LaTeX Info: Redefining \[ on input line 2817.
LaTeX Info: Redefining \] on input line 2818.
)
(C:\CTEX\MikTex2.9\tex\latex\graphics\graphicx.sty
Package: graphicx 2017/06/01 v1.1a Enhanced LaTeX Graphics (DPC,SPQR)

(C:\CTEX\MikTex2.9\tex\latex\graphics\keyval.sty
Package: keyval 2014/10/28 v1.15 key=value parser (DPC)
\KV@toks@=\toks24
)
(C:\CTEX\MikTex2.9\tex\latex\graphics\graphics.sty
Package: graphics 2017/06/25 v1.2c Standard LaTeX Graphics (DPC,SPQR)

(C:\CTEX\MikTex2.9\tex\latex\graphics\trig.sty
Package: trig 2016/01/03 v1.10 sin cos tan (DPC)
)
(C:\CTEX\MikTex2.9\tex\latex\graphics-cfg\graphics.cfg
File: graphics.cfg 2016/06/04 v1.11 sample graphics configuration
)
Package graphics Info: Driver file: pdftex.def on input line 99.

(C:\CTEX\MikTex2.9\tex\latex\graphics-def\pdftex.def
File: pdftex.def 2017/06/24 v1.0g Graphics/color driver for pdftex
))
\Gin@req@height=\dimen137
\Gin@req@width=\dimen138
)
(C:\CTEX\MikTex2.9\tex\latex\subfigure\subfigure.sty
Package: subfigure 2002/07/30 v2.1.4 subfigure package
\subfigtopskip=\skip51
\subfigcapskip=\skip52
\subfigcaptopadj=\dimen139
\subfigbottomskip=\skip53
\subfigcapmargin=\dimen140
\subfiglabelskip=\skip54
\c@subfigure=\count116
\c@lofdepth=\count117
\c@subtable=\count118
\c@lotdepth=\count119

****************************************
* Local config file subfigure.cfg used *
****************************************
(C:\CTEX\MikTex2.9\tex\latex\subfigure\subfigure.cfg)
\subfig@top=\skip55
\subfig@bottom=\skip56
)
(C:\CTEX\MikTex2.9\tex\latex\multirow\multirow.sty
Package: multirow 2016/11/25 v2.2 Span multiple rows of a table
\multirow@colwidth=\skip57
\multirow@cntb=\count120
\multirow@dima=\skip58
\bigstrutjot=\dimen141
)
(C:\CTEX\MikTex2.9\tex\latex\url\url.sty
\Urlmuskip=\muskip11
Package: url 2013/09/16  ver 3.4  Verb mode for urls, etc.
)
(C:\CTEX\MikTex2.9\tex\latex\xcolor\xcolor.sty
Package: xcolor 2016/05/11 v2.12 LaTeX color extensions (UK)

(C:\CTEX\MikTex2.9\tex\latex\graphics-cfg\color.cfg
File: color.cfg 2016/01/02 v1.6 sample color configuration
)
Package xcolor Info: Driver file: pdftex.def on input line 225.

(C:\CTEX\MikTex2.9\tex\latex\colortbl\colortbl.sty
Package: colortbl 2012/02/13 v1.0a Color table columns (DPC)

(C:\CTEX\MikTex2.9\tex\latex\tools\array.sty
Package: array 2016/10/06 v2.4d Tabular extension package (FMi)
\col@sep=\dimen142
\extrarowheight=\dimen143
\NC@list=\toks25
\extratabsurround=\skip59
\backup@length=\skip60
)
\everycr=\toks26
\minrowclearance=\skip61
)
\rownum=\count121
Package xcolor Info: Model `cmy' substituted by `cmy0' on input line 1348.
Package xcolor Info: Model `hsb' substituted by `rgb' on input line 1352.
Package xcolor Info: Model `RGB' extended on input line 1364.
Package xcolor Info: Model `HTML' substituted by `rgb' on input line 1366.
Package xcolor Info: Model `Hsb' substituted by `hsb' on input line 1367.
Package xcolor Info: Model `tHsb' substituted by `hsb' on input line 1368.
Package xcolor Info: Model `HSB' substituted by `hsb' on input line 1369.
Package xcolor Info: Model `Gray' substituted by `gray' on input line 1370.
Package xcolor Info: Model `wave' substituted by `hsb' on input line 1371.
)
(C:\CTEX\MikTex2.9\tex\latex\mdwtools\footnote.sty
Package: footnote 1997/01/28 1.13 Save footnotes around boxes
\fn@notes=\box35
\fn@width=\dimen144
) (bare_jrnl_appendix.aux)
\openout1 = `bare_jrnl_appendix.aux'.

LaTeX Font Info:    Checking defaults for OML/cmm/m/it on input line 398.
LaTeX Font Info:    ... okay on input line 398.
LaTeX Font Info:    Checking defaults for T1/cmr/m/n on input line 398.
LaTeX Font Info:    ... okay on input line 398.
LaTeX Font Info:    Checking defaults for OT1/cmr/m/n on input line 398.
LaTeX Font Info:    ... okay on input line 398.
LaTeX Font Info:    Checking defaults for OMS/cmsy/m/n on input line 398.
LaTeX Font Info:    ... okay on input line 398.
LaTeX Font Info:    Checking defaults for OMX/cmex/m/n on input line 398.
LaTeX Font Info:    ... okay on input line 398.
LaTeX Font Info:    Checking defaults for U/cmr/m/n on input line 398.
LaTeX Font Info:    ... okay on input line 398.

-- Lines per column: 61 (exact).
(C:\CTEX\MikTex2.9\tex\context\base\supp-pdf.mkii
[Loading MPS to PDF converter (version 2006.09.02).]
\scratchcounter=\count122
\scratchdimen=\dimen145
\scratchbox=\box36
\nofMPsegments=\count123
\nofMParguments=\count124
\everyMPshowfont=\toks27
\MPscratchCnt=\count125
\MPscratchDim=\dimen146
\MPnumerator=\count126
\makeMPintoPDFobject=\count127
\everyMPtoPDFconversion=\toks28
) (C:\CTEX\MikTex2.9\tex\latex\oberdiek\epstopdf-base.sty
Package: epstopdf-base 2016/05/15 v2.6 Base part for package epstopdf

(C:\CTEX\MikTex2.9\tex\generic\oberdiek\infwarerr.sty
Package: infwarerr 2016/05/16 v1.4 Providing info/warning/error messages (HO)
)
(C:\CTEX\MikTex2.9\tex\latex\oberdiek\grfext.sty
Package: grfext 2016/05/16 v1.2 Manage graphics extensions (HO)

(C:\CTEX\MikTex2.9\tex\generic\oberdiek\kvdefinekeys.sty
Package: kvdefinekeys 2016/05/16 v1.4 Define keys (HO)

(C:\CTEX\MikTex2.9\tex\generic\oberdiek\ltxcmds.sty
Package: ltxcmds 2016/05/16 v1.23 LaTeX kernel commands for general use (HO)
)))
(C:\CTEX\MikTex2.9\tex\latex\oberdiek\kvoptions.sty
Package: kvoptions 2016/05/16 v3.12 Key value format for package options (HO)

(C:\CTEX\MikTex2.9\tex\generic\oberdiek\kvsetkeys.sty
Package: kvsetkeys 2016/05/16 v1.17 Key value parser (HO)

(C:\CTEX\MikTex2.9\tex\generic\oberdiek\etexcmds.sty
Package: etexcmds 2016/05/16 v1.6 Avoid name clashes with e-TeX commands (HO)

(C:\CTEX\MikTex2.9\tex\generic\oberdiek\ifluatex.sty
Package: ifluatex 2016/05/16 v1.4 Provides the ifluatex switch (HO)
Package ifluatex Info: LuaTeX not detected.
)
Package etexcmds Info: Could not find \expanded.
(etexcmds)             That can mean that you are not using pdfTeX 1.50 or
(etexcmds)             that some package has redefined \expanded.
(etexcmds)             In the latter case, load this package earlier.
)))
(C:\CTEX\MikTex2.9\tex\generic\oberdiek\pdftexcmds.sty
Package: pdftexcmds 2017/03/19 v0.25 Utility functions of pdfTeX for LuaTeX (HO
)

(C:\CTEX\MikTex2.9\tex\generic\oberdiek\ifpdf.sty
Package: ifpdf 2017/03/15 v3.2 Provides the ifpdf switch
)
Package pdftexcmds Info: LuaTeX not detected.
Package pdftexcmds Info: \pdf@primitive is available.
Package pdftexcmds Info: \pdf@ifprimitive is available.
Package pdftexcmds Info: \pdfdraftmode found.
)
Package epstopdf-base Info: Redefining graphics rule for `.eps' on input line 4
38.
Package grfext Info: Graphics extension search list:
(grfext)             [.pdf,.png,.jpg,.mps,.jpeg,.jbig2,.jb2,.PDF,.PNG,.JPG,.JPE
G,.JBIG2,.JB2,.eps]
(grfext)             \AppendGraphicsExtensions on input line 456.
)
LaTeX Font Info:    Try loading font information for OT1+phv on input line 402.


(C:\CTEX\MikTex2.9\tex\latex\psnfss\ot1phv.fd
File: ot1phv.fd 2001/06/04 scalable font definitions for OT1/phv.
)
LaTeX Font Info:    Font shape `OT1/phv/bx/n' in size <11.04124> not available
(Font)              Font shape `OT1/phv/b/n' tried instead on input line 402.
LaTeX Font Info:    Font shape `OT1/phv/bx/sc' in size <11.04124> not available

(Font)              Font shape `OT1/phv/b/sc' tried instead on input line 402.
LaTeX Font Info:    Font shape `OT1/phv/bx/n' in size <9.53561> not available
(Font)              Font shape `OT1/phv/b/n' tried instead on input line 404.
LaTeX Font Info:    Calculating math sizes for size <9.53561> on input line 412
.

Overfull \hbox (4.18799pt too wide) in paragraph at lines 541--542
[] $\OML/cmm/m/it/10 t[] \OMS/cmsy/m/n/10   \OML/cmm/m/it/10 Mutate\OT1/cmr/m/n
/10 (\OML/cmm/m/it/10 ; \OT1/cmr/m/n/10 
\OML/cmm/m/it/10 ; S[]; Cons; T[]\OT1/cmr/m/n/10 )$ 
 []


Overfull \hbox (0.68105pt too wide) in paragraph at lines 551--552
[] $\OML/cmm/m/it/10 t[]$ $\OMS/cmsy/m/n/10  $ [] 
 []

[1{C:/CTEX/UserData/pdftex/config/pdftex.map}

]
LaTeX Font Info:    Calculating math sizes for size <8.03> on input line 601.

Underfull \hbox (badness 10000) in paragraph at lines 693--693
[]|\OT1/ppl/m/n/8.03 (1:0,2:0,3:0) (4:0,5:0,6:0,7:0,8:0,9:0,10:0,11:0) (12:0,13
:0,14:0,15:0,16:0) (1:1,2:1,3:1,4:1,5:1,6:1,7:1,8:1)
 []


Underfull \hbox (badness 10000) in paragraph at lines 694--694
\OT1/ppl/m/n/8.03 (10:1,11:1,12:1,13:1,14:1,15:1,16:1) (17:1,18:1) (19:1,20:1) 
(1:2,2:2,3:2,4:2,5:2,6:2,7:2) (8:2,9:2) (10:2,11:2)
 []


Underfull \hbox (badness 10000) in paragraph at lines 694--694
\OT1/ppl/m/n/8.03 (12:2,13:2,14:2,15:2,16:2,17:2,18:2,19:2,20:2) (1:3,2:3) (3:3
,4:3) (5:3,6:3,7:3,8:3,9:3,10:3,11:3,12:3,13:3)
 []


Underfull \hbox (badness 10000) in paragraph at lines 695--695
[]|\OT1/ppl/m/n/8.03 (1:0,2:0) (3:0,4:0,5:0,6:0,7:0,8:0,9:0,10:0,11:0) (12:0,13
:0,14:0,15:0,16:0,17:0,18:0,19:0,20:0,21:0,22:0,23:0) (24:0,25:0)
 []


Underfull \hbox (badness 10000) in paragraph at lines 695--695
\OT1/ppl/m/n/8.03 (1:1,2:1,3:1,4:1,5:1,6:1,7:1,8:1,9:1) (10:1,11:1,12:1,13:1,14
:1,15:1,16:1,17:1,18:1,19:1,20:1,21:1) (22:1,23:1) (24:1,25:1)
 []


Underfull \hbox (badness 1436) in paragraph at lines 695--695
\OT1/ppl/m/n/8.03 (1:2,2:2,3:2,4:2,5:2,6:2,7:2,8:2,9:2,10:2,11:2,12:2) (13:2,14
:2) (15:2,16:2) (17:2,18:2,19:2,20:2,21:2,22:2,23:2,24:2,25:2) (1:3,2:3)
 []


Underfull \hbox (badness 10000) in paragraph at lines 696--696
[]|\OT1/ppl/m/n/8.03 (1:0,2:0) (3:0,4:0,5:0,6:0,7:0,8:0,9:0,10:0,11:0,12:0,13:0
,14:0,15:0,16:0,17:0) (18:0,19:0,20:0,21:0,22:0,23:0,24:0,25:0,26:0,27:0)
 []


Underfull \hbox (badness 10000) in paragraph at lines 696--696
\OT1/ppl/m/n/8.03 (26:1,27:1,28:1) (29:1,30:1) (1:2,2:2,3:2,4:2,5:2,6:2,7:2,8:2
,9:2,10:2) (11:2,12:2,13:2) (14:2,15:2)
 []


Underfull \hbox (badness 10000) in paragraph at lines 696--696
\OT1/ppl/m/n/8.03 (16:2,17:2,18:2,19:2,20:2,21:2,22:2,23:2,24:2,25:2,26:2,27:2,
28:2,29:2,30:2) (1:3,2:3,3:3) (4:3,5:3)
 []


Underfull \hbox (badness 10000) in paragraph at lines 697--697
[]|\OT1/ppl/m/n/8.03 (1:0,2:0) (3:0,4:0,5:0,6:0,7:0,8:0,9:0,10:0,11:0,12:0,13:0
,14:0,15:0,16:0,17:0,18:0,19:0) (30:0,31:0,32:0,33:0,34:0,35:0)
 []


Underfull \hbox (badness 10000) in paragraph at lines 697--697
\OT1/ppl/m/n/8.03 (1:1,2:1,3:1,4:1,5:1,6:1,7:1,8:1,9:1,10:1,11:1,12:1,13:1,14:1
,15:1,16:1,17:1) (18:1,19:1,20:1,21:1,22:1,23:1,24:1,25:1,26:1,27:1)
 []


Underfull \hbox (badness 10000) in paragraph at lines 697--697
\OT1/ppl/m/n/8.03 (28:1,29:1,30:1,31:1,32:1,33:1) (34:1,35:1) (1:2,2:2,3:2,4:2,
5:2,6:2,7:2,8:2,9:2,10:2) (11:2,12:2,13:2,14:2,15:2,16:2)
 []


Underfull \hbox (badness 10000) in paragraph at lines 697--697
\OT1/ppl/m/n/8.03 (17:2,18:2) (19:2,20:2,21:2,22:2,23:2,24:2,25:2,26:2,27:2,28:
2,29:2,30:2,31:2,32:2,33:2,34:2,35:2) (1:3,2:3,3:3,4:3,5:3,6:3)
 []


Underfull \hbox (badness 10000) in paragraph at lines 697--697
\OT1/ppl/m/n/8.03 (7:3,8:3) (9:3,10:3,11:3,12:3,13:3,14:3,15:3,16:3,17:3,18:3,1
9:3,20:3,21:3,22:3,23:3,24:3,25:3) (1:0,5:1) (2:1,4:0)
 []


Underfull \hbox (badness 10000) in paragraph at lines 698--699
[]|\OT1/ppl/m/n/8.03 (1:0,2:0) (3:0,4:0,5:0,6:0,7:0,8:0,9:0,10:0) (11:0,12:0,13
:0,14:0,15:0,16:0,17:0,18:0,19:0,20:0,21:0,22:0,23:0,24:0,25:0,26:0,27:0)
 []


Underfull \hbox (badness 10000) in paragraph at lines 698--699
\OT1/ppl/m/n/8.03 (28:0,29:0,30:0,31:0,32:0,33:0,34:0,35:0,36:0,37:0,38:0,39:0,
40:0) (1:1,2:1,3:1,4:1,5:1,6:1,7:1,8:1) (39:1,40:1)
 []


Underfull \hbox (badness 10000) in paragraph at lines 698--699
\OT1/ppl/m/n/8.03 (1:2,2:2,3:2,4:2,5:2,6:2,7:2,8:2,9:2,10:2,11:2,12:2,13:2,14:2
,15:2,16:2,17:2) (31:2,32:2) (33:2,34:2,35:2,36:2,37:2,38:2,39:2,40:2)
 []


Underfull \hbox (badness 10000) in paragraph at lines 698--699
\OT1/ppl/m/n/8.03 (1:3,2:3,3:3,4:3,5:3,6:3,7:3,8:3,9:3,10:3,11:3,12:3,13:3) (14
:3,15:3) (16:3,17:3,18:3,19:3,20:3,21:3,22:3,23:3)
 []


Underfull \hbox (badness 10000) in paragraph at lines 704--706
[]|\OT1/ppl/m/n/8.03 (1:0,2:0) (3:0,4:0,5:0,6:0,7:0,8:0,9:0,10:0,11:0,12:0,13:0
,14:0,15:0) (1:1,2:1,3:1,4:1,5:1,6:1,7:1,8:1,9:1,10:1,11:1,12:1,13:1)
 []


Underfull \hbox (badness 10000) in paragraph at lines 704--706
\OT1/ppl/m/n/8.03 (34:1,35:1,36:1,37:1,38:1,39:1,40:1,41:1,42:1,43:1,44:1,45:1,
46:1,47:1,48:1) (49:1,50:1) (36:2,37:2)
 []


Underfull \hbox (badness 10000) in paragraph at lines 704--706
\OT1/ppl/m/n/8.03 (38:2,39:2,40:2,41:2,42:2,43:2,44:2,45:2,46:2,47:2,48:2,49:2,
50:2) (1:3,2:3,3:3,4:3,5:3,6:3,7:3,8:3,9:3,10:3,11:3,12:3,13:3,14:3,15:3)
 []


Underfull \hbox (badness 10000) in paragraph at lines 704--706
\OT1/ppl/m/n/8.03 (16:3,17:3) (18:3,19:3,20:3,21:3,22:3,23:3,24:3,25:3,26:3,27:
3,28:3,29:3,30:3) (1:0,5:1) (2:1,4:0)
 []

[2] [3] [4] (bare_jrnl_appendix.aux) ) 
Here is how much of TeX's memory you used:
 4644 strings out of 493312
 66496 string characters out of 3143321
 166603 words of memory out of 3000000
 8112 multiletter control sequences out of 15000+200000
 36137 words of font info for 85 fonts, out of 3000000 for 9000
 1144 hyphenation exceptions out of 8191
 41i,12n,35p,1273b,330s stack positions out of 5000i,500n,10000p,200000b,50000s
{C:/CTEX/MikTex2.9/fonts/enc/dvips/base/8
r.enc}<C:/CTEX/MikTex2.9/fonts/type1/public/amsfonts/cm/cmmi10.pfb><C:/CTEX/Mik
Tex2.9/fonts/type1/public/amsfonts/cm/cmmi7.pfb><C:/CTEX/MikTex2.9/fonts/type1/
public/amsfonts/cm/cmr10.pfb><C:/CTEX/MikTex2.9/fonts/type1/public/amsfonts/cm/
cmr6.pfb><C:/CTEX/MikTex2.9/fonts/type1/public/amsfonts/cm/cmr7.pfb><C:/CTEX/Mi
kTex2.9/fonts/type1/public/amsfonts/cm/cmr8.pfb><C:/CTEX/MikTex2.9/fonts/type1/
public/amsfonts/cm/cmsy10.pfb><C:/CTEX/MikTex2.9/fonts/type1/urw/helvetic/uhvb8
a.pfb><C:/CTEX/MikTex2.9/fonts/type1/urw/helvetic/uhvr8a.pfb><C:/CTEX/MikTex2.9
/fonts/type1/urw/palatino/uplb8a.pfb><C:/CTEX/MikTex2.9/fonts/type1/urw/palatin
o/uplr8a.pfb><C:/CTEX/MikTex2.9/fonts/type1/urw/palatino/uplri8a.pfb>
Output written on bare_jrnl_appendix.pdf (4 pages, 150152 bytes).
PDF statistics:
 64 PDF objects out of 1000 (max. 8388607)
 0 named destinations out of 1000 (max. 500000)
 1 words of extra memory for PDF output out of 10000 (max. 10000000)

